<?xml version="1.0" encoding="UTF-8"?>
<!-- Generated by org.testng.reporters.JUnitXMLReporter -->
<testsuite ignored="0" hostname="DESKTOP-95JFACC" failures="0" tests="6" name="Test" time="0.079" errors="0" timestamp="2022-03-24T22:25:47 IST">
  <testcase classname="academy.Mavenjava.SeleniumTest" name="BrowserAutomation" time="0.009"/>
  <testcase classname="academy.Mavenjava.SeleniumTest" name="elementsUI" time="0.001"/>
  <testcase classname="academy.Mavenjava.AppiumTest" name="IosApps" time="0.002"/>
  <testcase classname="academy.Mavenjava.AppiumTest" name="NativeAppAndroied" time="0.001"/>
  <testcase classname="academy.Mavenjava.RestAPITest" name="PostJira" time="0.001"/>
  <testcase classname="academy.Mavenjava.RestAPITest" name="deleteTwitter" time="0.002"/>
</testsuite> <!-- Test -->
