<?xml version="1.0" encoding="UTF-8"?>
<!-- Generated by org.testng.reporters.JUnitXMLReporter -->
<testsuite hostname="DESKTOP-95JFACC" ignored="0" name="Test" tests="6" failures="0" timestamp="2022-03-25T13:00:51 IST" time="0.099" errors="0">
  <testcase name="BrowserAutomation" time="0.009" classname="academy.Mavenjava.SeleniumTest"/>
  <testcase name="elementsUI" time="0.001" classname="academy.Mavenjava.SeleniumTest"/>
  <testcase name="IosApps" time="0.0" classname="academy.Mavenjava.AppiumTest"/>
  <testcase name="NativeAppAndroied" time="0.0" classname="academy.Mavenjava.AppiumTest"/>
  <testcase name="PostJira" time="0.0" classname="academy.Mavenjava.RestAPITest"/>
  <testcase name="deleteTwitter" time="0.001" classname="academy.Mavenjava.RestAPITest"/>
</testsuite> <!-- Test -->
