<?xml version="1.0" encoding="UTF-8"?>
<testng-results skipped="0" failed="0" ignored="0" total="6" passed="6">
  <reporter-output>
  </reporter-output>
  <suite name="Suite" duration-ms="99" started-at="2022-03-25T13:00:51 IST" finished-at="2022-03-25T13:00:51 IST">
    <groups>
    </groups>
    <test name="Test" duration-ms="99" started-at="2022-03-25T13:00:51 IST" finished-at="2022-03-25T13:00:51 IST">
      <class name="academy.Mavenjava.SeleniumTest">
        <test-method status="PASS" signature="BrowserAutomation()[pri:0, instance:academy.Mavenjava.SeleniumTest@32d2fa64]" name="BrowserAutomation" duration-ms="9" started-at="2022-03-25T13:00:51 IST" finished-at="2022-03-25T13:00:51 IST">
          <reporter-output>
          </reporter-output>
        </test-method> <!-- BrowserAutomation -->
        <test-method status="PASS" signature="elementsUI()[pri:0, instance:academy.Mavenjava.SeleniumTest@32d2fa64]" name="elementsUI" duration-ms="1" started-at="2022-03-25T13:00:51 IST" finished-at="2022-03-25T13:00:51 IST">
          <reporter-output>
          </reporter-output>
        </test-method> <!-- elementsUI -->
      </class> <!-- academy.Mavenjava.SeleniumTest -->
      <class name="academy.Mavenjava.AppiumTest">
        <test-method status="PASS" signature="IosApps()[pri:0, instance:academy.Mavenjava.AppiumTest@7a9273a8]" name="IosApps" duration-ms="0" started-at="2022-03-25T13:00:51 IST" finished-at="2022-03-25T13:00:51 IST">
          <reporter-output>
          </reporter-output>
        </test-method> <!-- IosApps -->
        <test-method status="PASS" signature="NativeAppAndroied()[pri:0, instance:academy.Mavenjava.AppiumTest@7a9273a8]" name="NativeAppAndroied" duration-ms="0" started-at="2022-03-25T13:00:51 IST" finished-at="2022-03-25T13:00:51 IST">
          <reporter-output>
          </reporter-output>
        </test-method> <!-- NativeAppAndroied -->
      </class> <!-- academy.Mavenjava.AppiumTest -->
      <class name="academy.Mavenjava.RestAPITest">
        <test-method status="PASS" signature="PostJira()[pri:0, instance:academy.Mavenjava.RestAPITest@26a7b76d]" name="PostJira" duration-ms="0" started-at="2022-03-25T13:00:51 IST" finished-at="2022-03-25T13:00:51 IST">
          <reporter-output>
          </reporter-output>
        </test-method> <!-- PostJira -->
        <test-method status="PASS" signature="deleteTwitter()[pri:0, instance:academy.Mavenjava.RestAPITest@26a7b76d]" name="deleteTwitter" duration-ms="1" started-at="2022-03-25T13:00:51 IST" finished-at="2022-03-25T13:00:51 IST">
          <reporter-output>
          </reporter-output>
        </test-method> <!-- deleteTwitter -->
      </class> <!-- academy.Mavenjava.RestAPITest -->
    </test> <!-- Test -->
  </suite> <!-- Suite -->
</testng-results>
